[2025-05-30T08:33:54.502Z] [Path] Current working directory: /
[2025-05-30T08:33:54.502Z] [Path] __dirname: /Users/naveenmodi/Desktop/ByteBandits/dist
[2025-05-30T08:33:54.502Z] [Path] Resolving path for script: inferenceLora.py
[2025-05-30T08:33:54.503Z] [Path] Checking: /Users/naveenmodi/Desktop/ByteBandits/src/bytebandits/core/inferenceLora.py
[2025-05-30T08:33:54.503Z] [Path] Found script at: /Users/naveenmodi/Desktop/ByteBandits/src/bytebandits/core/inferenceLora.py
[2025-05-30T08:33:55.056Z] [Path] Current working directory: /
[2025-05-30T08:33:55.056Z] [Path] __dirname: /Users/naveenmodi/Desktop/ByteBandits/dist
[2025-05-30T08:33:55.056Z] [Path] Resolving path for script: inferenceLora.py
[2025-05-30T08:33:55.057Z] [Path] Checking: /Users/naveenmodi/Desktop/ByteBandits/src/bytebandits/core/inferenceLora.py
[2025-05-30T08:33:55.057Z] [Path] Found script at: /Users/naveenmodi/Desktop/ByteBandits/src/bytebandits/core/inferenceLora.py
[2025-05-30T08:33:55.310Z] [Path] Current working directory: /
[2025-05-30T08:33:55.311Z] [Path] __dirname: /Users/naveenmodi/Desktop/ByteBandits/dist
[2025-05-30T08:33:55.311Z] [Path] Resolving path for script: inferenceLora.py
[2025-05-30T08:33:55.312Z] [Path] Checking: /Users/naveenmodi/Desktop/ByteBandits/src/bytebandits/core/inferenceLora.py
[2025-05-30T08:33:55.313Z] [Path] Found script at: /Users/naveenmodi/Desktop/ByteBandits/src/bytebandits/core/inferenceLora.py
[2025-05-30T08:34:11.739Z] [Path] Current working directory: /
[2025-05-30T08:34:11.741Z] [Path] __dirname: /Users/naveenmodi/Desktop/ByteBandits/dist
[2025-05-30T08:34:11.741Z] [Path] Resolving path for script: inferenceLora.py
[2025-05-30T08:34:11.741Z] [Path] Checking: /Users/naveenmodi/Desktop/ByteBandits/src/bytebandits/core/inferenceLora.py
[2025-05-30T08:34:11.741Z] [Path] Found script at: /Users/naveenmodi/Desktop/ByteBandits/src/bytebandits/core/inferenceLora.py
[2025-05-30T08:34:38.601Z] [Path] Current working directory: /
[2025-05-30T08:34:38.601Z] [Path] __dirname: /Users/naveenmodi/Desktop/ByteBandits/dist
[2025-05-30T08:34:38.601Z] [Path] Resolving path for script: inferenceLora.py
[2025-05-30T08:34:38.602Z] [Path] Checking: /Users/naveenmodi/Desktop/ByteBandits/src/bytebandits/core/inferenceLora.py
[2025-05-30T08:34:38.602Z] [Path] Found script at: /Users/naveenmodi/Desktop/ByteBandits/src/bytebandits/core/inferenceLora.py
[2025-05-30T08:34:40.563Z] [Path] Current working directory: /
[2025-05-30T08:34:40.563Z] [Path] __dirname: /Users/naveenmodi/Desktop/ByteBandits/dist
[2025-05-30T08:34:40.563Z] [Path] Resolving path for script: inferenceLora.py
[2025-05-30T08:34:40.564Z] [Path] Checking: /Users/naveenmodi/Desktop/ByteBandits/src/bytebandits/core/inferenceLora.py
[2025-05-30T08:34:40.564Z] [Path] Found script at: /Users/naveenmodi/Desktop/ByteBandits/src/bytebandits/core/inferenceLora.py
[2025-05-30T08:34:42.075Z] [Path] Current working directory: /
[2025-05-30T08:34:42.075Z] [Path] __dirname: /Users/naveenmodi/Desktop/ByteBandits/dist
[2025-05-30T08:34:42.076Z] [Path] Resolving path for script: inferenceLora.py
[2025-05-30T08:34:42.076Z] [Path] Checking: /Users/naveenmodi/Desktop/ByteBandits/src/bytebandits/core/inferenceLora.py
[2025-05-30T08:34:42.076Z] [Path] Found script at: /Users/naveenmodi/Desktop/ByteBandits/src/bytebandits/core/inferenceLora.py
[2025-05-30T08:34:44.922Z] [Path] Current working directory: /
[2025-05-30T08:34:44.923Z] [Path] __dirname: /Users/naveenmodi/Desktop/ByteBandits/dist
[2025-05-30T08:34:44.923Z] [Path] Resolving path for script: inferenceDropDown.py
[2025-05-30T08:34:44.923Z] [Path] Checking: /Users/naveenmodi/Desktop/ByteBandits/src/bytebandits/core/inferenceDropDown.py
[2025-05-30T08:34:44.923Z] [Path] Found script at: /Users/naveenmodi/Desktop/ByteBandits/src/bytebandits/core/inferenceDropDown.py
[2025-05-30T08:34:44.934Z] [Path] Current working directory: /
[2025-05-30T08:34:44.934Z] [Path] __dirname: /Users/naveenmodi/Desktop/ByteBandits/dist
[2025-05-30T08:34:44.935Z] [Path] Resolving path for script: inferenceLora.py
[2025-05-30T08:34:44.935Z] [Path] Checking: /Users/naveenmodi/Desktop/ByteBandits/src/bytebandits/core/inferenceLora.py
[2025-05-30T08:34:44.935Z] [Path] Found script at: /Users/naveenmodi/Desktop/ByteBandits/src/bytebandits/core/inferenceLora.py
[2025-05-30T08:34:49.207Z] [Path] Current working directory: /
[2025-05-30T08:34:49.209Z] [Path] __dirname: /Users/naveenmodi/Desktop/ByteBandits/dist
[2025-05-30T08:34:49.209Z] [Path] Resolving path for script: inferenceLora.py
[2025-05-30T08:34:49.210Z] [Path] Checking: /Users/naveenmodi/Desktop/ByteBandits/src/bytebandits/core/inferenceLora.py
[2025-05-30T08:34:49.211Z] [Path] Found script at: /Users/naveenmodi/Desktop/ByteBandits/src/bytebandits/core/inferenceLora.py
[2025-05-30T08:34:54.017Z] [Path] Current working directory: /
[2025-05-30T08:34:54.019Z] [Path] __dirname: /Users/naveenmodi/Desktop/ByteBandits/dist
[2025-05-30T08:34:54.019Z] [Path] Resolving path for script: inferenceDropDown.py
[2025-05-30T08:34:54.020Z] [Path] Checking: /Users/naveenmodi/Desktop/ByteBandits/src/bytebandits/core/inferenceDropDown.py
[2025-05-30T08:34:54.021Z] [Path] Found script at: /Users/naveenmodi/Desktop/ByteBandits/src/bytebandits/core/inferenceDropDown.py
[2025-05-30T08:34:54.040Z] [Path] Current working directory: /
[2025-05-30T08:34:54.041Z] [Path] __dirname: /Users/naveenmodi/Desktop/ByteBandits/dist
[2025-05-30T08:34:54.041Z] [Path] Resolving path for script: inferenceLora.py
[2025-05-30T08:34:54.042Z] [Path] Checking: /Users/naveenmodi/Desktop/ByteBandits/src/bytebandits/core/inferenceLora.py
[2025-05-30T08:34:54.043Z] [Path] Found script at: /Users/naveenmodi/Desktop/ByteBandits/src/bytebandits/core/inferenceLora.py
[2025-05-30T08:34:57.360Z] [Path] Current working directory: /
[2025-05-30T08:34:57.361Z] [Path] __dirname: /Users/naveenmodi/Desktop/ByteBandits/dist
[2025-05-30T08:34:57.361Z] [Path] Resolving path for script: inferenceLora.py
[2025-05-30T08:34:57.362Z] [Path] Checking: /Users/naveenmodi/Desktop/ByteBandits/src/bytebandits/core/inferenceLora.py
[2025-05-30T08:34:57.363Z] [Path] Found script at: /Users/naveenmodi/Desktop/ByteBandits/src/bytebandits/core/inferenceLora.py
[2025-05-30T08:34:59.458Z] [Path] Current working directory: /
[2025-05-30T08:34:59.459Z] [Path] __dirname: /Users/naveenmodi/Desktop/ByteBandits/dist
[2025-05-30T08:34:59.460Z] [Path] Resolving path for script: inferenceDropDown.py
[2025-05-30T08:34:59.460Z] [Path] Checking: /Users/naveenmodi/Desktop/ByteBandits/src/bytebandits/core/inferenceDropDown.py
[2025-05-30T08:34:59.461Z] [Path] Found script at: /Users/naveenmodi/Desktop/ByteBandits/src/bytebandits/core/inferenceDropDown.py
[2025-05-30T08:34:59.489Z] [Path] Current working directory: /
[2025-05-30T08:34:59.489Z] [Path] __dirname: /Users/naveenmodi/Desktop/ByteBandits/dist
[2025-05-30T08:34:59.490Z] [Path] Resolving path for script: inferenceLora.py
[2025-05-30T08:34:59.491Z] [Path] Checking: /Users/naveenmodi/Desktop/ByteBandits/src/bytebandits/core/inferenceLora.py
[2025-05-30T08:34:59.491Z] [Path] Found script at: /Users/naveenmodi/Desktop/ByteBandits/src/bytebandits/core/inferenceLora.py
